\BOOKMARK [1][-]{section.1}{Introducci\363n}{}% 1
\BOOKMARK [2][-]{subsection.1.1}{Marco Te\363rico }{section.1}% 2
\BOOKMARK [2][-]{subsection.1.2}{\277Qu\351 es el comercio electr\363nico?}{section.1}% 3
\BOOKMARK [1][-]{section.2}{Problematica}{}% 4
\BOOKMARK [2][-]{subsection.2.1}{Propuesta de soluci\363n}{section.2}% 5
\BOOKMARK [2][-]{subsection.2.2}{Descripci\363n del funcionamiento del sistema}{section.2}% 6
\BOOKMARK [1][-]{section.3}{Diagrama de Casos de Uso}{}% 7
\BOOKMARK [2][-]{subsection.3.1}{Caso de Uso 1: Registrarse}{section.3}% 8
\BOOKMARK [2][-]{subsection.3.2}{Caso de Uso 2 : Iniciar Sesi\363n }{section.3}% 9
\BOOKMARK [2][-]{subsection.3.3}{Caso de Uso 3 : Crear Perfil }{section.3}% 10
\BOOKMARK [2][-]{subsection.3.4}{Caso de Uso 4 : Ver Empleos Sugeridos }{section.3}% 11
\BOOKMARK [2][-]{subsection.3.5}{Caso de Uso 5 : Cerrar Cuenta }{section.3}% 12
\BOOKMARK [2][-]{subsection.3.6}{Caso de Uso 6 : Registro de empresa }{section.3}% 13
\BOOKMARK [2][-]{subsection.3.7}{Caso de Uso 7 : Registro vacante }{section.3}% 14
\BOOKMARK [2][-]{subsection.3.8}{Caso de Uso 8 : Ver aplicantes }{section.3}% 15
\BOOKMARK [2][-]{subsection.3.9}{Caso de Uso 9 : Ignorar o contactar }{section.3}% 16
\BOOKMARK [2][-]{subsection.3.10}{Caso de Uso 10 : Administrar cuentas }{section.3}% 17
\BOOKMARK [1][-]{section.4}{Diagrama de Actividades}{}% 18
\BOOKMARK [1][-]{section.5}{Diagrama de Clases}{}% 19
\BOOKMARK [1][-]{section.6}{Look \046 Feel}{}% 20
\BOOKMARK [1][-]{section.7}{Bibliograf\355a}{}% 21
